<?xml version="1.0" encoding="UTF-8"?>
<!-- Generated by org.testng.reporters.JUnitReportReporter -->
<testsuite hostname="Ramanas-Air" failures="0" tests="1" name="Extentreport" time="0.877" errors="0" timestamp="31 Jul 2020 10:36:50 GMT">
  <testcase classname="Extentreport" name="jaffa" time="0.877"/>
</testsuite> <!-- Extentreport -->
